
=== [175.207.73.117] (apache) ===
[vmstat 1 10]
procs -----------memory---------- ---swap-- -----io---- -system-- ------cpu-----
 r  b   swpd   free   buff  cache   si   so    bi    bo   in   cs us sy id wa st
 2  0   5672 288004   4520 22683640    0    0     4    11    1    1  0  0 100  0  0
 0  0   5672 288004   4520 22683656    0    0     0     0  693 1269  1  0 99  0  0
 0  0   5672 288004   4520 22683656    0    0     0     0  182  214  0  0 100  0  0
 0  0   5672 288004   4520 22683656    0    0     0     0  182  216  0  0 100  0  0
 0  0   5672 288004   4520 22683656    0    0     0     0  170  209  0  0 100  0  0
 0  0   5672 288004   4520 22683656    0    0     0    64  136  193  0  0 100  0  0
 0  0   5672 288004   4520 22683656    0    0     0     0  291  316  0  0 100  0  0
 1  0   5672 288004   4520 22683656    0    0     0     0  562  565  0  0 100  0  0
 1  0   5672 288004   4520 22683656    0    0     0     0  178  192  0  0 100  0  0
 0  0   5672 288004   4520 22683656    0    0     0     0  206  229  0  0 100  0  0

[df -k]
Filesystem              1K-blocks     Used Available Use% Mounted on
/dev/mapper/system-root 343797760 24434560 317350832   8% /
devtmpfs                     4096        0      4096   0% /dev
tmpfs                    12169612        0  12169612   0% /dev/shm
efivarfs                      256       26       226  11% /sys/firmware/efi/efivars
tmpfs                     4867848   103676   4764172   3% /run
tmpfs                        1024        0      1024   0% /run/credentials/systemd-tmpfiles-setup-dev-early.service
tmpfs                        1024        0      1024   0% /run/credentials/systemd-sysctl.service
tmpfs                        1024        0      1024   0% /run/credentials/systemd-tmpfiles-setup-dev.service
tmpfs                        1024        0      1024   0% /run/credentials/systemd-vconsole-setup.service
/dev/mapper/system-root 343797760 24434560 317350832   8% /.snapshots
/dev/mapper/system-root 343797760 24434560 317350832   8% /boot/grub2/i386-pc
/dev/mapper/system-root 343797760 24434560 317350832   8% /boot/grub2/x86_64-efi
/dev/mapper/system-root 343797760 24434560 317350832   8% /home
/dev/mapper/system-root 343797760 24434560 317350832   8% /opt
/dev/mapper/system-root 343797760 24434560 317350832   8% /root
/dev/mapper/system-root 343797760 24434560 317350832   8% /srv
/dev/mapper/system-root 343797760 24434560 317350832   8% /usr/local
/dev/mapper/system-root 343797760 24434560 317350832   8% /var
/dev/mapper/system-root 343797760 24434560 317350832   8% /tmp
/dev/sda1                  130798     6030    124768   5% /boot/efi
/dev/mapper/sw-sw        16707584 12935916   3771668  78% /sw
tmpfs                        1024        0      1024   0% /run/credentials/systemd-tmpfiles-setup.service
tmpfs                        1024        0      1024   0% /run/credentials/getty@tty1.service
tmpfs                     2433920       20   2433900   1% /run/user/15705
tmpfs                     2433920       20   2433900   1% /run/user/41621

[ps -ef | grep httpd]
appluser 18927 19380  0  6월18 ?      00:00:04 /appweb/apache/bin/httpd -k start
root     19380     1  0  6월12 ?      00:00:19 /appweb/apache/bin/httpd -k start
appluser 19386 19380  0  6월12 ?      00:00:20 /appweb/apache/bin/httpd -k start
appluser 19387 19380  0  6월12 ?      00:00:15 /appweb/apache/bin/httpd -k start
appluser 19388 19380  0  6월12 ?      00:00:17 /appweb/apache/bin/httpd -k start
psi.syh+ 23012 22828 25 15:50 ?        00:00:00 bash -c ps -ef | grep httpd
psi.syh+ 23100 23012  0 15:50 ?        00:00:00 grep httpd
appluser 26205 19380  0  6월12 ?      00:00:25 /appweb/apache/bin/httpd -k start

[systemctl status httpd]
● httpd.service - Apache HTTP Server (custom build)
     Loaded: loaded (/etc/systemd/system/httpd.service; enabled; preset: disabled)
     Active: active (running) since Thu 2025-06-12 15:15:03 KST; 1 week 0 days ago
    Process: 19372 ExecStart=/appweb/apache/bin/apachectl start (code=exited, status=0/SUCCESS)
   Main PID: 19380 (httpd)
      Tasks: 140
        CPU: 1min 43.008s
     CGroup: /system.slice/httpd.service
             ├─18927 /appweb/apache/bin/httpd -k start
             ├─19380 /appweb/apache/bin/httpd -k start

[Apache 로그 에러 확인]
[Apache Log Errors - mapsext_error.log.20250619]
에러 라인 수: 1
[에러 라인 내용]
[Thu Jun 19 11:15:17.623956 2025] [authz_core:error] [pid 18927:tid 140050016757440] [client 127.0.0.1:58280] AH01630: client denied by server configuration: /appweb/apache/htdocs/

[포트 상태 확인]
포트 80 → LISTEN 중
LISTEN    0      511                 *:80                 *:*
포트 443 → LISTEN 중
ESTAB     0      0      175.207.73.117:58142 13.228.234.223:443         
LISTEN    0      511                 *:443                *:*

[systemctl status firewalld]
● firewalld.service - firewalld - dynamic firewall daemon
     Loaded: loaded (/usr/lib/systemd/system/firewalld.service; enabled; preset: disabled)
     Active: active (running) since Tue 2025-05-13 15:13:37 KST; 1 month 6 days ago
       Docs: man:firewalld(1)
   Main PID: 6873 (firewalld)
      Tasks: 2
        CPU: 8.846s
     CGroup: /system.slice/firewalld.service
             └─6873 /usr/bin/python3 /usr/sbin/firewalld --nofork --nopid
